<?xml version="1.0" encoding="UTF-8"?>
<!-- Generated by org.testng.reporters.JUnitXMLReporter -->
<testsuite hostname="DESKTOP-27L8JE7" ignored="0" name="chromeTest" tests="4" failures="0" timestamp="13 Apr 2020 16:30:59 GMT" time="51.764" errors="0">
  <testcase name="checkboxTest" time="3.652" classname="com.testng.CheckBox1"/>
  <testcase name="linktesting1" time="2.005" classname="com.testng.LinksTesting1"/>
  <testcase name="amazon" time="2.293" classname="com.testng.TNG_001"/>
  <testcase name="checkboxTest" time="3.274" classname="com.testng.RadioButton1"/>
</testsuite> <!-- chromeTest -->
