<?xml version="1.0" encoding="UTF-8"?>
<!-- Generated by org.testng.reporters.JUnitXMLReporter -->
<testsuite hostname="DESKTOP-27L8JE7" ignored="0" name="chromeTest" tests="4" failures="0" timestamp="14 Apr 2020 15:45:49 GMT" time="97.204" errors="0">
  <testcase name="checkboxTest" time="1.202" classname="com.testng.CheckBox1"/>
  <testcase name="linktesting1" time="3.396" classname="com.testng.LinksTesting1"/>
  <testcase name="amazon" time="6.561" classname="com.testng.TNG_001"/>
  <testcase name="checkboxTest" time="7.057" classname="com.testng.RadioButton1"/>
</testsuite> <!-- chromeTest -->
