<?xml version="1.0" encoding="UTF-8"?>
<!-- Generated by org.testng.reporters.JUnitXMLReporter -->
<testsuite hostname="DESKTOP-27L8JE7" ignored="0" name="FirefoxTest" tests="4" failures="0" timestamp="13 Apr 2020 16:30:07 GMT" time="92.468" errors="0">
  <testcase name="checkboxTest" time="0.733" classname="com.testng.CheckBox1"/>
  <testcase name="linktesting1" time="2.236" classname="com.testng.LinksTesting1"/>
  <testcase name="amazon" time="2.939" classname="com.testng.TNG_001"/>
  <testcase name="checkboxTest" time="3.196" classname="com.testng.RadioButton1"/>
</testsuite> <!-- FirefoxTest -->
