<?xml version="1.0" encoding="UTF-8"?>
<!-- Generated by org.testng.reporters.JUnitXMLReporter -->
<testsuite hostname="DESKTOP-27L8JE7" ignored="0" name="FirefoxTest" tests="4" failures="0" timestamp="14 Apr 2020 15:46:59 GMT" time="166.985" errors="0">
  <testcase name="checkboxTest" time="0.761" classname="com.testng.CheckBox1"/>
  <testcase name="linktesting1" time="4.2" classname="com.testng.LinksTesting1"/>
  <testcase name="amazon" time="5.97" classname="com.testng.TNG_001"/>
  <testcase name="checkboxTest" time="3.175" classname="com.testng.RadioButton1"/>
</testsuite> <!-- FirefoxTest -->
