<?xml version="1.0" encoding="UTF-8"?>
<!-- Generated by org.testng.reporters.JUnitXMLReporter -->
<testsuite hostname="DESKTOP-27L8JE7" ignored="0" name="RegressionTest" tests="4" failures="0" timestamp="13 Apr 2020 16:18:39 GMT" time="63.797" errors="0">
  <testcase name="checkboxTest" time="7.334" classname="com.testng.CheckBox1"/>
  <testcase name="linktesting1" time="2.408" classname="com.testng.LinksTesting1"/>
  <testcase name="amazon" time="5.776" classname="com.testng.TNG_001"/>
  <testcase name="checkboxTest" time="6.874" classname="com.testng.RadioButton1"/>
</testsuite> <!-- RegressionTest -->
