<?xml version="1.0" encoding="UTF-8"?>
<!-- Generated by org.testng.reporters.JUnitXMLReporter -->
<testsuite hostname="DESKTOP-27L8JE7" ignored="3" name="Test" tests="1" failures="0" timestamp="14 Apr 2020 16:14:50 GMT" time="16.444" errors="0">
  <testcase name="amazon" time="4.746" classname="com.testng.TNG_001"/>
  <testcase name="linktesting1" time="0.0" classname="com.testng.LinksTesting1">
    <ignored/>
  </testcase> <!-- linktesting1 -->
  <testcase name="checkboxTest" time="0.0" classname="com.testng.CheckBox1">
    <ignored/>
  </testcase> <!-- checkboxTest -->
  <testcase name="checkboxTest" time="0.0" classname="com.testng.RadioButton1">
    <ignored/>
  </testcase> <!-- checkboxTest -->
</testsuite> <!-- Test -->
