<?xml version="1.0" encoding="UTF-8"?>
<testng-results skipped="0" failed="0" ignored="3" total="4" passed="1">
  <reporter-output>
  </reporter-output>
  <suite name="Suite" duration-ms="16444" started-at="2020-04-14T16:14:34Z" finished-at="2020-04-14T16:14:50Z">
    <groups>
      <group name="regression">
        <method signature="TNG_001.amazon()[pri:0, instance:com.testng.TNG_001@f2f2cc1]" name="amazon" class="com.testng.TNG_001"/>
      </group> <!-- regression -->
      <group name="sanity">
        <method signature="TNG_001.amazon()[pri:0, instance:com.testng.TNG_001@f2f2cc1]" name="amazon" class="com.testng.TNG_001"/>
      </group> <!-- sanity -->
    </groups>
    <test name="Test" duration-ms="16444" started-at="2020-04-14T16:14:34Z" finished-at="2020-04-14T16:14:50Z">
      <class name="com.testng.TNG_001">
        <test-method status="PASS" signature="startProcess(java.lang.String)[pri:0, instance:com.testng.TNG_001@f2f2cc1]" name="startProcess" is-config="true" duration-ms="9870" started-at="2020-04-14T16:14:34Z" finished-at="2020-04-14T16:14:44Z">
          <params>
            <param index="0">
              <value>
                <![CDATA[chrome]]>
              </value>
            </param>
          </params>
          <reporter-output>
          </reporter-output>
        </test-method> <!-- startProcess -->
        <test-method status="PASS" signature="amazon()[pri:0, instance:com.testng.TNG_001@f2f2cc1]" name="amazon" duration-ms="4746" started-at="2020-04-14T16:14:44Z" finished-at="2020-04-14T16:14:49Z">
          <reporter-output>
          </reporter-output>
        </test-method> <!-- amazon -->
        <test-method status="PASS" signature="endProcess()[pri:0, instance:com.testng.TNG_001@f2f2cc1]" name="endProcess" is-config="true" duration-ms="1777" started-at="2020-04-14T16:14:49Z" finished-at="2020-04-14T16:14:50Z">
          <reporter-output>
          </reporter-output>
        </test-method> <!-- endProcess -->
      </class> <!-- com.testng.TNG_001 -->
    </test> <!-- Test -->
  </suite> <!-- Suite -->
</testng-results>
