<?xml version="1.0" encoding="UTF-8"?>
<!-- Generated by org.testng.reporters.JUnitXMLReporter -->
<testsuite hostname="DESKTOP-27L8JE7" ignored="0" name="Default test" tests="4" failures="0" timestamp="20 Apr 2020 16:21:17 GMT" time="0.207" errors="0">
  <testcase name="orange" time="0.028" classname="com.testng.TestDependencies"/>
  <testcase name="white" time="0.005" classname="com.testng.TestDependencies"/>
  <testcase name="blue" time="0.006" classname="com.testng.TestDependencies">
    <skipped/>
  </testcase> <!-- blue -->
  <testcase name="green" time="0.0" classname="com.testng.TestDependencies">
    <skipped/>
  </testcase> <!-- green -->
</testsuite> <!-- Default test -->
