<?xml version="1.0" encoding="UTF-8"?>
<!-- Generated by org.testng.reporters.JUnitXMLReporter -->
<testsuite hostname="DESKTOP-27L8JE7" ignored="1" name="Default test" tests="2" failures="0" timestamp="09 Apr 2020 16:36:11 GMT" time="0.084" errors="0">
  <testcase name="f" time="0.017" classname="com.project.TC_002"/>
  <testcase name="a" time="0.001" classname="com.project.TC_002"/>
  <testcase name="z" time="0.0" classname="com.project.TC_002">
    <ignored/>
  </testcase> <!-- z -->
</testsuite> <!-- Default test -->
